<?xml version="1.0" encoding="UTF-8"?>
<testng-results ignored="0" total="2" passed="2" failed="0" skipped="0">
  <reporter-output>
  </reporter-output>
  <suite started-at="2023-05-02T16:07:47 IST" name="OpencartSuite" finished-at="2023-05-02T16:08:14 IST" duration-ms="26960">
    <groups>
    </groups>
    <test started-at="2023-05-02T16:07:47 IST" name="OpencartTest" finished-at="2023-05-02T16:08:14 IST" duration-ms="26960">
      <class name="testCases.TC_001_AccountRegistrationTest">
        <test-method is-config="true" signature="setup(java.lang.String)[pri:0, instance:testCases.TC_001_AccountRegistrationTest@7ef82753]" started-at="2023-05-02T16:07:47 IST" name="setup" finished-at="2023-05-02T16:08:00 IST" duration-ms="13152" status="PASS">
          <params>
            <param index="0">
              <value>
                <![CDATA[chrome]]>
              </value>
            </param>
          </params>
          <reporter-output>
          </reporter-output>
        </test-method> <!-- setup -->
        <test-method signature="test_account_Registration()[pri:0, instance:testCases.TC_001_AccountRegistrationTest@7ef82753]" started-at="2023-05-02T16:08:00 IST" name="test_account_Registration" finished-at="2023-05-02T16:08:06 IST" duration-ms="5084" status="PASS">
          <reporter-output>
          </reporter-output>
        </test-method> <!-- test_account_Registration -->
        <test-method is-config="true" signature="tearDown()[pri:0, instance:testCases.TC_001_AccountRegistrationTest@7ef82753]" started-at="2023-05-02T16:08:06 IST" name="tearDown" finished-at="2023-05-02T16:08:06 IST" duration-ms="258" status="PASS">
          <reporter-output>
          </reporter-output>
        </test-method> <!-- tearDown -->
      </class> <!-- testCases.TC_001_AccountRegistrationTest -->
      <class name="testCases.TC_002_LoginTest">
        <test-method is-config="true" signature="setup(java.lang.String)[pri:0, instance:testCases.TC_002_LoginTest@7161d8d1]" started-at="2023-05-02T16:08:06 IST" name="setup" finished-at="2023-05-02T16:08:13 IST" duration-ms="7054" status="PASS">
          <params>
            <param index="0">
              <value>
                <![CDATA[chrome]]>
              </value>
            </param>
          </params>
          <reporter-output>
          </reporter-output>
        </test-method> <!-- setup -->
        <test-method signature="test_login()[pri:0, instance:testCases.TC_002_LoginTest@7161d8d1]" started-at="2023-05-02T16:08:13 IST" name="test_login" finished-at="2023-05-02T16:08:14 IST" duration-ms="873" status="PASS">
          <reporter-output>
          </reporter-output>
        </test-method> <!-- test_login -->
        <test-method is-config="true" signature="tearDown()[pri:0, instance:testCases.TC_002_LoginTest@7161d8d1]" started-at="2023-05-02T16:08:14 IST" name="tearDown" finished-at="2023-05-02T16:08:14 IST" duration-ms="210" status="PASS">
          <reporter-output>
          </reporter-output>
        </test-method> <!-- tearDown -->
      </class> <!-- testCases.TC_002_LoginTest -->
    </test> <!-- OpencartTest -->
  </suite> <!-- OpencartSuite -->
</testng-results>
