<?xml version="1.0" encoding="UTF-8"?>
<testng-results ignored="0" total="1" passed="1" failed="0" skipped="0">
  <reporter-output>
  </reporter-output>
  <suite started-at="2023-04-28T17:45:23 IST" name="OpencartSuite" finished-at="2023-04-28T17:45:33 IST" duration-ms="10000">
    <groups>
    </groups>
    <test started-at="2023-04-28T17:45:23 IST" name="OpencartTest" finished-at="2023-04-28T17:45:33 IST" duration-ms="10000">
      <class name="testCases.TC_002_LoginTest">
        <test-method is-config="true" signature="setup(java.lang.String)[pri:0, instance:testCases.TC_002_LoginTest@7bab3f1a]" started-at="2023-04-28T17:45:24 IST" name="setup" finished-at="2023-04-28T17:45:32 IST" duration-ms="8034" status="PASS">
          <params>
            <param index="0">
              <value>
                <![CDATA[chrome]]>
              </value>
            </param>
          </params>
          <reporter-output>
          </reporter-output>
        </test-method> <!-- setup -->
        <test-method signature="test_login()[pri:0, instance:testCases.TC_002_LoginTest@7bab3f1a]" started-at="2023-04-28T17:45:32 IST" name="test_login" finished-at="2023-04-28T17:45:33 IST" duration-ms="990" status="PASS">
          <reporter-output>
          </reporter-output>
        </test-method> <!-- test_login -->
        <test-method is-config="true" signature="tearDown()[pri:0, instance:testCases.TC_002_LoginTest@7bab3f1a]" started-at="2023-04-28T17:45:33 IST" name="tearDown" finished-at="2023-04-28T17:45:33 IST" duration-ms="614" status="PASS">
          <reporter-output>
          </reporter-output>
        </test-method> <!-- tearDown -->
      </class> <!-- testCases.TC_002_LoginTest -->
    </test> <!-- OpencartTest -->
  </suite> <!-- OpencartSuite -->
</testng-results>
